Arguments: 
  C:\nvm4w\nodejs\node.exe C:\Program Files (x86)\Yarn\bin\yarn.js add --dev cross-env

PATH: 
  C:\WINDOWS\system32;C:\WINDOWS;C:\WINDOWS\System32\Wbem;C:\WINDOWS\System32\WindowsPowerShell\v1.0\;C:\WINDOWS\System32\OpenSSH\;C:\Program Files\Intel\WiFi\bin\;C:\Program Files\Common Files\Intel\WirelessCommon\;C:\Program Files (x86)\Yarn\bin\;C:\Program Files\Git\cmd;%NVM_HOME%;%NVM_SYMLINK%;C:\Users\Usuario\AppData\Local\Microsoft\WindowsApps;C:\Program Files\Intel\WiFi\bin\;C:\Program Files\Common Files\Intel\WirelessCommon\;C:\Users\Usuario\AppData\Local\Programs\Microsoft VS Code\bin;C:\Users\Usuario\AppData\Local\Yarn\bin;C:\Users\Usuario\AppData\Roaming\npm;C:\Program Files\heroku\bin;C:\Users\Usuario\AppData\Local\nvm;C:\nvm4w\nodejs

Yarn version: 
  1.22.19

Node version: 
  16.20.2

Platform: 
  win32 x64

Trace: 
  Error: https://registry.yarnpkg.com/date-fns/-/date-fns-2.30.0.tgz: ESOCKETTIMEDOUT
      at ClientRequest.<anonymous> (C:\Program Files (x86)\Yarn\lib\cli.js:141517:19)
      at Object.onceWrapper (node:events:627:28)
      at ClientRequest.emit (node:events:513:28)
      at TLSSocket.emitRequestTimeout (node:_http_client:839:9)
      at Object.onceWrapper (node:events:627:28)
      at TLSSocket.emit (node:events:525:35)
      at TLSSocket.Socket._onTimeout (node:net:550:8)
      at listOnTimeout (node:internal/timers:559:17)
      at processTimers (node:internal/timers:502:7)

npm manifest: 
  {
    "name": "camping",
    "version": "1.0.0",
    "description": "",
    "main": "index.js",
    "type": "module",
    "scripts": {
    "start": "nodemon index.js",
    "test": "npm-run-all --serial test:*",
    "test:users": "NODE_ENV=test node --test tests/Users.test.mjs",
    "test:accounting": "NODE_ENV=test node --test tests/Accounting.test.mjs",
    "test:auth": "NODE_ENV=test node --test tests/Auth.test.mjs",
    "test:employees": "NODE_ENV=test node --test tests/Employees.test.mjs",
    "test:bookings": "NODE_ENV=test node --test tests/Bookings.test.mjs",
    "test:lodges": "NODE_ENV=test node --test tests/Lodges.test.mjs",
    "test:tents": "NODE_ENV=test node --test tests/Tents.test.mjs"
    },
    "keywords": [],
    "author": "",
    "license": "ISC",
    "dependencies": {
      "@date-io/moment": "^1.3.13",
      "@emotion/react": "^11.11.4",
      "@emotion/styled": "^11.11.5",
      "@fortawesome/fontawesome-svg-core": "^6.4.2",
      "@fortawesome/free-solid-svg-icons": "^6.4.2",
      "@fortawesome/react-fontawesome": "^0.2.0",
      "@mui/material": "^5.15.16",
      "@mui/x-charts": "^7.3.2",
      "@popperjs/core": "^2.11.8",
      "antd": "^5.8.4",
      "bcryptjs": "^2.4.3",
      "bootstrap": "^5.3.0",
      "cookie-parser": "^1.4.6",
      "cors": "^2.8.5",
      "date-fns": "^2.30.0",
      "dotenv": "^16.0.3",
      "express": "^4.18.2",
      "http-errors": "^2.0.0",
      "jsonwebtoken": "^9.0.1",
      "leaflet": "^1.9.4",
      "moment": "^2.29.4",
      "mongodb": "^5.5.0",
      "mongoose": "^7.1.0",
      "multer": "^1.4.5-lts.1",
      "node-cron": "^3.0.3",
      "nodemailer": "^6.10.0",
      "react": "^19.0.0",
      "react-date-range": "^1.4.0",
      "react-datepicker": "^4.16.0",
      "react-dom": "^19.0.0",
      "react-leaflet": "^4.2.1",
      "react-router-dom": "^6.12.1",
      "react-scripts": "^3.0.1",
      "react-select": "^5.8.0",
      "react-slick": "^0.30.2",
      "slick-carousel": "^1.8.1",
      "socket.io": "^4.8.1",
      "vercel": "^41.7.8"
    },
    "devDependencies": {
      "@babel/cli": "^7.26.4",
      "@babel/core": "^7.26.7",
      "@babel/preset-env": "^7.26.7",
      "@babel/register": "^7.25.9",
      "autoprefixer": "^10.4.14",
      "babel-jest": "^29.7.0",
      "chai": "^5.1.2",
      "chai-http": "^5.1.1",
      "cross-env": "^7.0.3",
      "jest": "^29.7.0",
      "jest-environment-node": "^29.7.0",
      "mocha": "^11.1.0",
      "nodemon": "^3.0.1",
      "npm-run-all": "^4.1.5",
      "postcss": "^8.4.24",
      "sinon": "^19.0.2",
      "sinon-chai": "^4.0.0",
      "supertest": "^7.0.0",
      "tailwindcss": "^3.3.2"
    }
  }

yarn manifest: 
  No manifest

Lockfile: 
  No lockfile
